# JRE version: OpenJDK Runtime Environment (11.0.9.1+1) (build 11.0.9.1+1-LTS)
# Java VM: OpenJDK 64-Bit Server VM (11.0.9.1+1-LTS, mixed mode, tiered, compressed oops, g1 gc, windows-amd64)
Heap:
 garbage-first heap   total 262144K, used 60164K [0x0000000700a00000, 0x0000000800000000)
  region size 1024K, 10 young (10240K), 5 survivors (5120K)
 Metaspace       used 30765K, capacity 31906K, committed 32128K, reserved 1077248K
  class space    used 3516K, capacity 3957K, committed 3968K, reserved 1048576K
GC Heap History (10 events):
Event: 0.676 GC heap before
{Heap before GC invocations=0 (full 0):
 garbage-first heap   total 262144K, used 14336K [0x0000000700a00000, 0x0000000800000000)
  region size 1024K, 14 young (14336K), 0 survivors (0K)
 Metaspace       used 10452K, capacity 10723K, committed 10880K, reserved 1058816K
  class space    used 963K, capacity 1047K, committed 1152K, reserved 1048576K
}
Event: 0.680 GC heap after
{Heap after GC invocations=1 (full 0):
 garbage-first heap   total 262144K, used 1741K [0x0000000700a00000, 0x0000000800000000)
  region size 1024K, 2 young (2048K), 2 survivors (2048K)
 Metaspace       used 10452K, capacity 10723K, committed 10880K, reserved 1058816K
  class space    used 963K, capacity 1047K, committed 1152K, reserved 1048576K
}
Event: 2.141 GC heap before
{Heap before GC invocations=1 (full 0):
 garbage-first heap   total 262144K, used 57037K [0x0000000700a00000, 0x0000000800000000)
  region size 1024K, 57 young (58368K), 2 survivors (2048K)
 Metaspace       used 20645K, capacity 21129K, committed 21248K, reserved 1069056K
  class space    used 2274K, capacity 2497K, committed 2560K, reserved 1048576K
}
Event: 2.148 GC heap after
{Heap after GC invocations=2 (full 0):
 garbage-first heap   total 262144K, used 6838K [0x0000000700a00000, 0x0000000800000000)
  region size 1024K, 7 young (7168K), 7 survivors (7168K)
 Metaspace       used 20645K, capacity 21129K, committed 21248K, reserved 1069056K
  class space    used 2274K, capacity 2497K, committed 2560K, reserved 1048576K
}
Event: 8.148 GC heap before
{Heap before GC invocations=3 (full 0):
 garbage-first heap   total 262144K, used 170678K [0x0000000700a00000, 0x0000000800000000)
  region size 1024K, 54 young (55296K), 7 survivors (7168K)
 Metaspace       used 28730K, capacity 29679K, committed 29952K, reserved 1075200K
  class space    used 3398K, capacity 3804K, committed 3840K, reserved 1048576K
}
Event: 8.159 GC heap after
{Heap after GC invocations=4 (full 0):
 garbage-first heap   total 262144K, used 110394K [0x0000000700a00000, 0x0000000800000000)
  region size 1024K, 9 young (9216K), 9 survivors (9216K)
 Metaspace       used 28730K, capacity 29679K, committed 29952K, reserved 1075200K
  class space    used 3398K, capacity 3804K, committed 3840K, reserved 1048576K
}
Event: 8.268 GC heap before
{Heap before GC invocations=5 (full 0):
 garbage-first heap   total 262144K, used 127802K [0x0000000700a00000, 0x0000000800000000)
  region size 1024K, 11 young (11264K), 9 survivors (9216K)
 Metaspace       used 28748K, capacity 29807K, committed 29952K, reserved 1075200K
  class space    used 3398K, capacity 3804K, committed 3840K, reserved 1048576K
}
Event: 8.273 GC heap after
{Heap after GC invocations=6 (full 0):
 garbage-first heap   total 262144K, used 41891K [0x0000000700a00000, 0x0000000800000000)
  region size 1024K, 5 young (5120K), 5 survivors (5120K)
 Metaspace       used 28748K, capacity 29807K, committed 29952K, reserved 1075200K
  class space    used 3398K, capacity 3804K, committed 3840K, reserved 1048576K
}
Event: 225.936 GC heap before
{Heap before GC invocations=7 (full 0):
 garbage-first heap   total 262144K, used 149411K [0x0000000700a00000, 0x0000000800000000)
  region size 1024K, 33 young (33792K), 5 survivors (5120K)
 Metaspace       used 30706K, capacity 31812K, committed 31872K, reserved 1077248K
  class space    used 3512K, capacity 3952K, committed 3968K, reserved 1048576K
}
Event: 225.940 GC heap after
{Heap after GC invocations=8 (full 0):
 garbage-first heap   total 262144K, used 22276K [0x0000000700a00000, 0x0000000800000000)
  region size 1024K, 5 young (5120K), 5 survivors (5120K)
 Metaspace       used 30706K, capacity 31812K, committed 31872K, reserved 1077248K
  class space    used 3512K, capacity 3952K, committed 3968K, reserved 1048576K
}

